2023-11-22 12:29:25.050  INFO 16244 --- [restartedMain] com.green.Chapter01Application           : Starting Chapter01Application using Java 17.0.8.1 on User -2023CONYO with PID 16244 (C:\Users\Administrator\Documents\workspace-spring-tool-suite-4-4.20.0.RELEASE\Chapter01\target\classes started by Administrator in C:\Users\Administrator\Documents\workspace-spring-tool-suite-4-4.20.0.RELEASE\Chapter01)
2023-11-22 12:29:25.050  INFO 16244 --- [restartedMain] com.green.Chapter01Application           : No active profile set, falling back to 1 default profile: "default"
2023-11-22 12:29:25.177  INFO 16244 --- [restartedMain] o.s.b.w.embedded.tomcat.TomcatWebServer  : Tomcat initialized with port(s): 8080 (http)
2023-11-22 12:29:25.177  INFO 16244 --- [restartedMain] o.apache.catalina.core.StandardService   : Starting service [Tomcat]
2023-11-22 12:29:25.178  INFO 16244 --- [restartedMain] org.apache.catalina.core.StandardEngine  : Starting Servlet engine: [Apache Tomcat/9.0.82]
2023-11-22 12:29:25.189  INFO 16244 --- [restartedMain] o.a.c.c.C.[Tomcat].[localhost].[/]       : Initializing Spring embedded WebApplicationContext
2023-11-22 12:29:25.189  INFO 16244 --- [restartedMain] w.s.c.ServletWebServerApplicationContext : Root WebApplicationContext: initialization completed in 138 ms
2023-11-22 12:29:25.235  INFO 16244 --- [restartedMain] o.s.b.d.a.OptionalLiveReloadServer       : LiveReload server is running on port 35729
2023-11-22 12:29:25.243  INFO 16244 --- [restartedMain] o.s.b.w.embedded.tomcat.TomcatWebServer  : Tomcat started on port(s): 8080 (http) with context path ''
2023-11-22 12:29:25.246  INFO 16244 --- [restartedMain] com.green.Chapter01Application           : Started Chapter01Application in 0.22 seconds (JVM running for 272.987)
2023-11-22 12:29:25.248  INFO 16244 --- [restartedMain] .ConditionEvaluationDeltaLoggingListener : Condition evaluation unchanged
2023-11-22 12:29:34.736  INFO 16244 --- [File Watcher] rtingClassPathChangeChangedEventListener : Restarting due to 1 class path change (1 addition, 0 deletions, 0 modifications)
2023-11-22 12:29:34.742  INFO 16244 --- [Thread-7] o.apache.catalina.core.StandardService   : Stopping service [Tomcat]
2023-11-22 12:29:34.791  INFO 16244 --- [restartedMain] com.green.Chapter01Application           : Starting Chapter01Application using Java 17.0.8.1 on User -2023CONYO with PID 16244 (C:\Users\Administrator\Documents\workspace-spring-tool-suite-4-4.20.0.RELEASE\Chapter01\target\classes started by Administrator in C:\Users\Administrator\Documents\workspace-spring-tool-suite-4-4.20.0.RELEASE\Chapter01)
2023-11-22 12:29:34.792  INFO 16244 --- [restartedMain] com.green.Chapter01Application           : No active profile set, falling back to 1 default profile: "default"
2023-11-22 12:29:34.905  INFO 16244 --- [restartedMain] o.s.b.w.embedded.tomcat.TomcatWebServer  : Tomcat initialized with port(s): 8080 (http)
2023-11-22 12:29:34.906  INFO 16244 --- [restartedMain] o.apache.catalina.core.StandardService   : Starting service [Tomcat]
2023-11-22 12:29:34.906  INFO 16244 --- [restartedMain] org.apache.catalina.core.StandardEngine  : Starting Servlet engine: [Apache Tomcat/9.0.82]
2023-11-22 12:29:34.917  INFO 16244 --- [restartedMain] o.a.c.c.C.[Tomcat].[localhost].[/]       : Initializing Spring embedded WebApplicationContext
2023-11-22 12:29:34.918  INFO 16244 --- [restartedMain] w.s.c.ServletWebServerApplicationContext : Root WebApplicationContext: initialization completed in 125 ms
2023-11-22 12:29:34.960  INFO 16244 --- [restartedMain] o.s.b.d.a.OptionalLiveReloadServer       : LiveReload server is running on port 35729
2023-11-22 12:29:34.967  INFO 16244 --- [restartedMain] o.s.b.w.embedded.tomcat.TomcatWebServer  : Tomcat started on port(s): 8080 (http) with context path ''
2023-11-22 12:29:34.970  INFO 16244 --- [restartedMain] com.green.Chapter01Application           : Started Chapter01Application in 0.197 seconds (JVM running for 282.712)
2023-11-22 12:29:34.972  INFO 16244 --- [restartedMain] .ConditionEvaluationDeltaLoggingListener : Condition evaluation unchanged
2023-11-22 12:29:39.153  INFO 16244 --- [RMI TCP Connection(15)-127.0.0.1] inMXBeanRegistrar$SpringApplicationAdmin : Application shutdown requested.
2023-11-22 12:29:39.159  INFO 16244 --- [RMI TCP Connection(15)-127.0.0.1] o.apache.catalina.core.StandardService   : Stopping service [Tomcat]
2023-11-22 12:40:41.925  INFO 15964 --- [restartedMain] com.green.Chapter01Application           : Starting Chapter01Application using Java 17.0.8.1 on User -2023CONYO with PID 15964 (C:\Users\Administrator\Documents\workspace-spring-tool-suite-4-4.20.0.RELEASE\Chapter01\target\classes started by Administrator in C:\Users\Administrator\Documents\workspace-spring-tool-suite-4-4.20.0.RELEASE\Chapter01)
2023-11-22 12:40:41.927  INFO 15964 --- [restartedMain] com.green.Chapter01Application           : No active profile set, falling back to 1 default profile: "default"
2023-11-22 12:40:41.961  INFO 15964 --- [restartedMain] .e.DevToolsPropertyDefaultsPostProcessor : Devtools property defaults active! Set 'spring.devtools.add-properties' to 'false' to disable
2023-11-22 12:40:41.961  INFO 15964 --- [restartedMain] .e.DevToolsPropertyDefaultsPostProcessor : For additional web related logging consider setting the 'logging.level.web' property to 'DEBUG'
2023-11-22 12:40:42.570  INFO 15964 --- [restartedMain] o.s.b.w.embedded.tomcat.TomcatWebServer  : Tomcat initialized with port(s): 8080 (http)
2023-11-22 12:40:42.576  INFO 15964 --- [restartedMain] o.apache.catalina.core.StandardService   : Starting service [Tomcat]
2023-11-22 12:40:42.576  INFO 15964 --- [restartedMain] org.apache.catalina.core.StandardEngine  : Starting Servlet engine: [Apache Tomcat/9.0.82]
2023-11-22 12:40:42.618  INFO 15964 --- [restartedMain] o.a.c.c.C.[Tomcat].[localhost].[/]       : Initializing Spring embedded WebApplicationContext
2023-11-22 12:40:42.619  INFO 15964 --- [restartedMain] w.s.c.ServletWebServerApplicationContext : Root WebApplicationContext: initialization completed in 657 ms
2023-11-22 12:40:42.870  INFO 15964 --- [restartedMain] o.s.b.d.a.OptionalLiveReloadServer       : LiveReload server is running on port 35729
2023-11-22 12:40:42.898  INFO 15964 --- [restartedMain] o.s.b.w.embedded.tomcat.TomcatWebServer  : Tomcat started on port(s): 8080 (http) with context path ''
2023-11-22 12:40:42.906  INFO 15964 --- [restartedMain] com.green.Chapter01Application           : Started Chapter01Application in 1.269 seconds (JVM running for 1.802)
2023-11-22 12:41:02.828  INFO 15964 --- [http-nio-8080-exec-1] o.a.c.c.C.[Tomcat].[localhost].[/]       : Initializing Spring DispatcherServlet 'dispatcherServlet'
2023-11-22 12:41:02.829  INFO 15964 --- [http-nio-8080-exec-1] o.s.web.servlet.DispatcherServlet        : Initializing Servlet 'dispatcherServlet'
2023-11-22 12:41:02.829  INFO 15964 --- [http-nio-8080-exec-1] o.s.web.servlet.DispatcherServlet        : Completed initialization in 0 ms
2023-11-22 12:42:16.761  INFO 15964 --- [RMI TCP Connection(11)-127.0.0.1] inMXBeanRegistrar$SpringApplicationAdmin : Application shutdown requested.
2023-11-22 12:42:16.771  INFO 15964 --- [RMI TCP Connection(11)-127.0.0.1] o.apache.catalina.core.StandardService   : Stopping service [Tomcat]
2023-11-22 12:42:16.772  INFO 15964 --- [RMI TCP Connection(11)-127.0.0.1] o.a.c.c.C.[Tomcat].[localhost].[/]       : Destroying Spring FrameworkServlet 'dispatcherServlet'
2023-11-22 12:43:58.151  INFO 11736 --- [main] com.green.Chapter01ApplicationTests      : Starting Chapter01ApplicationTests using Java 17.0.8.1 on User -2023CONYO with PID 11736 (started by Administrator in C:\Users\Administrator\Documents\workspace-spring-tool-suite-4-4.20.0.RELEASE\Chapter01)
2023-11-22 12:43:58.152  INFO 11736 --- [main] com.green.Chapter01ApplicationTests      : No active profile set, falling back to 1 default profile: "default"
2023-11-22 12:43:59.268  INFO 11736 --- [main] com.green.Chapter01ApplicationTests      : Started Chapter01ApplicationTests in 1.391 seconds (JVM running for 2.226)
2023-11-22 12:43:59.628  INFO 11736 --- [main] com.green.Chapter01ApplicationTests      : kim
2023-11-22 12:43:59.629  INFO 11736 --- [main] com.green.Chapter01ApplicationTests      : 23
2023-11-22 15:29:26.902  INFO 12676 --- [restartedMain] com.green.Chapter01Application           : Starting Chapter01Application using Java 17.0.8.1 on User -2023CONYO with PID 12676 (C:\Users\Administrator\Documents\workspace-spring-tool-suite-4-4.20.0.RELEASE\Chapter01\target\classes started by Administrator in C:\Users\Administrator\Documents\workspace-spring-tool-suite-4-4.20.0.RELEASE\Chapter01)
2023-11-22 15:29:26.904  INFO 12676 --- [restartedMain] com.green.Chapter01Application           : No active profile set, falling back to 1 default profile: "default"
2023-11-22 15:29:26.947  INFO 12676 --- [restartedMain] .e.DevToolsPropertyDefaultsPostProcessor : Devtools property defaults active! Set 'spring.devtools.add-properties' to 'false' to disable
2023-11-22 15:29:26.947  INFO 12676 --- [restartedMain] .e.DevToolsPropertyDefaultsPostProcessor : For additional web related logging consider setting the 'logging.level.web' property to 'DEBUG'
2023-11-22 15:29:27.672  INFO 12676 --- [restartedMain] o.s.b.w.embedded.tomcat.TomcatWebServer  : Tomcat initialized with port(s): 8080 (http)
2023-11-22 15:29:27.680  INFO 12676 --- [restartedMain] o.apache.catalina.core.StandardService   : Starting service [Tomcat]
2023-11-22 15:29:27.681  INFO 12676 --- [restartedMain] org.apache.catalina.core.StandardEngine  : Starting Servlet engine: [Apache Tomcat/9.0.82]
2023-11-22 15:29:27.728  INFO 12676 --- [restartedMain] o.a.c.c.C.[Tomcat].[localhost].[/]       : Initializing Spring embedded WebApplicationContext
2023-11-22 15:29:27.728  INFO 12676 --- [restartedMain] w.s.c.ServletWebServerApplicationContext : Root WebApplicationContext: initialization completed in 781 ms
2023-11-22 15:29:27.985  INFO 12676 --- [restartedMain] o.s.b.d.a.OptionalLiveReloadServer       : LiveReload server is running on port 35729
2023-11-22 15:29:28.013  INFO 12676 --- [restartedMain] o.s.b.w.embedded.tomcat.TomcatWebServer  : Tomcat started on port(s): 8080 (http) with context path ''
2023-11-22 15:29:28.019  INFO 12676 --- [restartedMain] com.green.Chapter01Application           : Started Chapter01Application in 1.436 seconds (JVM running for 2.125)
2023-11-22 15:29:51.176  INFO 12676 --- [http-nio-8080-exec-1] o.a.c.c.C.[Tomcat].[localhost].[/]       : Initializing Spring DispatcherServlet 'dispatcherServlet'
2023-11-22 15:29:51.177  INFO 12676 --- [http-nio-8080-exec-1] o.s.web.servlet.DispatcherServlet        : Initializing Servlet 'dispatcherServlet'
2023-11-22 15:29:51.178  INFO 12676 --- [http-nio-8080-exec-1] o.s.web.servlet.DispatcherServlet        : Completed initialization in 1 ms
2023-11-22 15:30:31.618  INFO 12676 --- [File Watcher] rtingClassPathChangeChangedEventListener : Restarting due to 2 class path changes (0 additions, 0 deletions, 2 modifications)
2023-11-22 15:30:31.627  INFO 12676 --- [Thread-5] o.apache.catalina.core.StandardService   : Stopping service [Tomcat]
2023-11-22 15:30:31.628  INFO 12676 --- [Thread-5] o.a.c.c.C.[Tomcat].[localhost].[/]       : Destroying Spring FrameworkServlet 'dispatcherServlet'
2023-11-22 15:30:31.687  INFO 12676 --- [restartedMain] com.green.Chapter01Application           : Starting Chapter01Application using Java 17.0.8.1 on User -2023CONYO with PID 12676 (C:\Users\Administrator\Documents\workspace-spring-tool-suite-4-4.20.0.RELEASE\Chapter01\target\classes started by Administrator in C:\Users\Administrator\Documents\workspace-spring-tool-suite-4-4.20.0.RELEASE\Chapter01)
2023-11-22 15:30:31.687  INFO 12676 --- [restartedMain] com.green.Chapter01Application           : No active profile set, falling back to 1 default profile: "default"
2023-11-22 15:30:31.816  INFO 12676 --- [restartedMain] o.s.b.w.embedded.tomcat.TomcatWebServer  : Tomcat initialized with port(s): 8080 (http)
2023-11-22 15:30:31.816  INFO 12676 --- [restartedMain] o.apache.catalina.core.StandardService   : Starting service [Tomcat]
2023-11-22 15:30:31.817  INFO 12676 --- [restartedMain] org.apache.catalina.core.StandardEngine  : Starting Servlet engine: [Apache Tomcat/9.0.82]
2023-11-22 15:30:31.828  INFO 12676 --- [restartedMain] o.a.c.c.C.[Tomcat].[localhost].[/]       : Initializing Spring embedded WebApplicationContext
2023-11-22 15:30:31.828  INFO 12676 --- [restartedMain] w.s.c.ServletWebServerApplicationContext : Root WebApplicationContext: initialization completed in 139 ms
2023-11-22 15:30:31.878  INFO 12676 --- [restartedMain] o.s.b.d.a.OptionalLiveReloadServer       : LiveReload server is running on port 35729
2023-11-22 15:30:31.884  INFO 12676 --- [restartedMain] o.s.b.w.embedded.tomcat.TomcatWebServer  : Tomcat started on port(s): 8080 (http) with context path ''
2023-11-22 15:30:31.887  INFO 12676 --- [restartedMain] com.green.Chapter01Application           : Started Chapter01Application in 0.224 seconds (JVM running for 65.992)
2023-11-22 15:30:31.889  INFO 12676 --- [restartedMain] .ConditionEvaluationDeltaLoggingListener : Condition evaluation unchanged
2023-11-22 15:30:33.538  INFO 12676 --- [http-nio-8080-exec-1] o.a.c.c.C.[Tomcat].[localhost].[/]       : Initializing Spring DispatcherServlet 'dispatcherServlet'
2023-11-22 15:30:33.538  INFO 12676 --- [http-nio-8080-exec-1] o.s.web.servlet.DispatcherServlet        : Initializing Servlet 'dispatcherServlet'
2023-11-22 15:30:33.539  INFO 12676 --- [http-nio-8080-exec-1] o.s.web.servlet.DispatcherServlet        : Completed initialization in 1 ms
